This is pdfTeX, Version 3.14159265-2.6-1.40.18 (TeX Live 2017/Debian) (preloaded format=pdflatex 2018.11.11)  13 NOV 2018 12:10
entering extended mode
 restricted \write18 enabled.
 %&-line parsing enabled.
**novel.tex
(./novel.tex
LaTeX2e <2017-04-15>
Babel <3.18> and hyphenation patterns for 3 language(s) loaded.
(/usr/share/texlive/texmf-dist/tex/latex/base/article.cls
Document Class: article 2014/09/29 v1.4h Standard LaTeX document class
(/usr/share/texlive/texmf-dist/tex/latex/base/size10.clo
File: size10.clo 2014/09/29 v1.4h Standard LaTeX file (size option)
)
\c@part=\count79
\c@section=\count80
\c@subsection=\count81
\c@subsubsection=\count82
\c@paragraph=\count83
\c@subparagraph=\count84
\c@figure=\count85
\c@table=\count86
\abovecaptionskip=\skip41
\belowcaptionskip=\skip42
\bibindent=\dimen102
) (./novel.aux)
\openout1 = `novel.aux'.

LaTeX Font Info:    Checking defaults for OML/cmm/m/it on input line 2.
LaTeX Font Info:    ... okay on input line 2.
LaTeX Font Info:    Checking defaults for T1/cmr/m/n on input line 2.
LaTeX Font Info:    ... okay on input line 2.
LaTeX Font Info:    Checking defaults for OT1/cmr/m/n on input line 2.
LaTeX Font Info:    ... okay on input line 2.
LaTeX Font Info:    Checking defaults for OMS/cmsy/m/n on input line 2.
LaTeX Font Info:    ... okay on input line 2.
LaTeX Font Info:    Checking defaults for OMX/cmex/m/n on input line 2.
LaTeX Font Info:    ... okay on input line 2.
LaTeX Font Info:    Checking defaults for U/cmr/m/n on input line 2.
LaTeX Font Info:    ... okay on input line 2.

Overfull \hbox (2.00058pt too wide) in paragraph at lines 4--13661
\OT1/cmr/m/n/10 Line rope wit-ness press de-stroy man-ner chart deficit com-pet
-i-tive shoot-ing launch. 
 []


Overfull \hbox (12.80635pt too wide) in paragraph at lines 4--13661
\OT1/cmr/m/n/10 Brand free-dom rev-o-lu-tion noth-ing dis-tri-bu-tion head-quar
-ters re-spon-si-bil-ity through. 
 []


Overfull \hbox (2.2785pt too wide) in paragraph at lines 4--13661
\OT1/cmr/m/n/10 Immigrant around slow crit-i-cal tele-vi-sion di-men-sion any-t
hing com-par-i-son tonight
 []


Overfull \hbox (7.22285pt too wide) in paragraph at lines 4--13661
\OT1/cmr/m/n/10 Switch know over-all for-tune cap-i-tal pun-ish-ment lie any-on
e com-bine bot-tle progress
 []


Overfull \hbox (0.38956pt too wide) in paragraph at lines 4--13661
\OT1/cmr/m/n/10 moral gap let-ter frus-tra-tion both pa-tient Is-raeli train-in
g per-for-mance care promi-
 []


Overfull \hbox (5.9173pt too wide) in paragraph at lines 4--13661
\OT1/cmr/m/n/10 Dig at-tend suc-cess-ful col-league imag-i-na-tion stand smell 
as carry legacy spokesman
 []


Overfull \hbox (0.19504pt too wide) in paragraph at lines 4--13661
\OT1/cmr/m/n/10 Spot fol-low-ing sa-cred milk coun-cil clue for-ever once com-m
it route be-lieve breathe
 []


Overfull \hbox (2.16733pt too wide) in paragraph at lines 4--13661
\OT1/cmr/m/n/10 Conversation juice var-i-ous ef-fec-tive sur-vival lit-er-ary s
up-posed stir cap-tain quickly
 []


Overfull \hbox (2.47285pt too wide) in paragraph at lines 4--13661
\OT1/cmr/m/n/10 County mostly cham-ber ex-pense any-more how-ever aide founder 
vul-ner-a-ble match
 []


Overfull \hbox (5.084pt too wide) in paragraph at lines 4--13661
\OT1/cmr/m/n/10 injury rule sup-posed es-ti-mate third en-vi-ron-ment flame tel
l ghost trail fail nonethe-
 []


Overfull \hbox (0.19499pt too wide) in paragraph at lines 4--13661
\OT1/cmr/m/n/10 Arrest space threaten storm cir-cle hate thought al-ter com-pos
e Chris-tian Catholic
 []


Overfull \hbox (4.63948pt too wide) in paragraph at lines 4--13661
\OT1/cmr/m/n/10 tric-ity African-American mere en-gine ex-cep-tion spe-cific ar
-chi-tect dom-i-nate cookie
 []


Overfull \hbox (6.05629pt too wide) in paragraph at lines 4--13661
\OT1/cmr/m/n/10 Exhibition se-lect sam-ple com-po-nent par-tic-i-pa-tion stand-
ing restau-rant king farmer
 []


Overfull \hbox (6.97287pt too wide) in paragraph at lines 4--13661
\OT1/cmr/m/n/10 Capital shower poverty fat vol-un-teer reg-u-larly in-ter-est-i
ng de-bate ad-di-tion African-
 []


Overfull \hbox (5.8618pt too wide) in paragraph at lines 4--13661
\OT1/cmr/m/n/10 Impossible prob-a-bly him-self con-vic-tion crit-i-cize ini-tia
l feel large rel-a-tively roughly. 
 []


Overfull \hbox (0.52843pt too wide) in paragraph at lines 4--13661
\OT1/cmr/m/n/10 thinking anx-i-ety con-fi-dent In-ter-net United band in-ter-es
ted im-pose promise count
 []


Overfull \hbox (2.66725pt too wide) in paragraph at lines 4--13661
\OT1/cmr/m/n/10 Fact ap-pro-pri-ate maybe re-lease ex-pen-sive an-a-lyze con-ti
n-ued cre-ate protest empty
 []


Overfull \hbox (6.41728pt too wide) in paragraph at lines 4--13661
\OT1/cmr/m/n/10 Effectively es-sen-tial in-tense lot ev-ery-one roughly horse t
rans-late sit-u-a-tion Catholic
 []


Overfull \hbox (4.41737pt too wide) in paragraph at lines 4--13661
\OT1/cmr/m/n/10 Trick ethics pan util-ity tooth un-der-stand-ing ul-ti-mately m
ethod away acid straight
 []


Overfull \hbox (3.61183pt too wide) in paragraph at lines 4--13661
\OT1/cmr/m/n/10 Orientation con-clude fairly bother host elec-tion virus fill d
i-men-sion pound enough
 []


Overfull \hbox (0.97269pt too wide) in paragraph at lines 4--13661
\OT1/cmr/m/n/10 Creature ex-ec-u-tive com-pete owe change choice pro-ce-dure au
-di-ence counter newly
 []


Overfull \hbox (2.44502pt too wide) in paragraph at lines 4--13661
\OT1/cmr/m/n/10 Victory es-cape war roll the-ory pro-posed sec-tion re-peat-edl
y switch phrase roughly. 
 []


Overfull \hbox (1.27846pt too wide) in paragraph at lines 4--13661
\OT1/cmr/m/n/10 Support prove given per-cent-age po-etry achieve bad boy avail-
able tragedy breathe
 []


Overfull \hbox (5.25061pt too wide) in paragraph at lines 4--13661
\OT1/cmr/m/n/10 Demonstration re-la-tion wel-come ad-just clean de-pres-sion ho
ur ex-pen-sive be county
 []


Overfull \hbox (5.00075pt too wide) in paragraph at lines 4--13661
\OT1/cmr/m/n/10 Immigrant vari-able meat com-pete be-sides in-dus-try imag-i-na
-tion open-ing Supreme. 
 []


Overfull \hbox (0.47282pt too wide) in paragraph at lines 4--13661
\OT1/cmr/m/n/10 Whether pro-gram ac-cord-ing belt lab decade di-vorce fa-ther c
han-nel be-lieve dream
 []


Overfull \hbox (12.50056pt too wide) in paragraph at lines 4--13661
\OT1/cmr/m/n/10 Prove sub-se-quent mar-ried she cop laugh flee evening refugee 
set-ting okay strengthen
 []


Overfull \hbox (1.11182pt too wide) in paragraph at lines 4--13661
\OT1/cmr/m/n/10 Universal trans-form ve-hi-cle care-fully per-mit judg-ment ima
g-i-na-tion pro-tect whole
 []


Overfull \hbox (4.97289pt too wide) in paragraph at lines 4--13661
\OT1/cmr/m/n/10 Hold paint sup-ply ap-pro-pri-ate pro-fes-sional tape un-less c
hange north add Congress
 []


Overfull \hbox (6.30626pt too wide) in paragraph at lines 4--13661
\OT1/cmr/m/n/10 Consumption ex-pres-sion ad-mis-sion psy-chol-ogy per-ma-nent s
trength naked wealthy
 []


Overfull \hbox (2.61174pt too wide) in paragraph at lines 4--13661
\OT1/cmr/m/n/10 Prompt rec-om-mend is-sue sur-pris-ing slightly di-rec-tion sch
olar widely board theme
 []


Overfull \hbox (5.2784pt too wide) in paragraph at lines 4--13661
\OT1/cmr/m/n/10 Regard de-sire tele-vi-sion pro-posal steal in-come ex-per-i-me
nt tube yard lo-cal brother. 
 []


Overfull \hbox (6.38954pt too wide) in paragraph at lines 4--13661
\OT1/cmr/m/n/10 Stream moun-tain an-nounce wife score ob-ser-va-tion in-ci-dent
 habi-tat scream demon-
 []


Overfull \hbox (1.30615pt too wide) in paragraph at lines 4--13661
\OT1/cmr/m/n/10 Acknowledge sev-eral high-way slip ex-ec-u-tive judg-ment seven
 con-text lady makeup
 []


Overfull \hbox (24.13954pt too wide) in paragraph at lines 4--13661
\OT1/cmr/m/n/10 Ban ten-dency seem dis-tin-guish sport progress struc-ture va-c
a-tion re-gard-ing widespread
 []

[1

{/var/lib/texmf/fonts/map/pdftex/updmap/pdftex.map}] [2] [3] [4] [5] [6]
[7] [8] [9] [10] [11] [12] [13] [14] [15] [16] [17] [18] [19] [20] [21]
[22] [23] [24] [25] [26] [27] [28] [29] [30] [31] [32] [33] [34] [35] [36]
[37] [38] [39] [40] [41] [42] [43] [44] [45] [46] [47] [48] [49] [50] [51]
[52] [53] [54] [55] [56] [57] [58] [59] [60] [61] [62] [63] [64] [65] [66]
[67] [68] [69] [70] [71] [72] [73] [74] [75] [76] [77] [78] [79] [80] [81]
[82] [83] [84] [85] [86] [87] [88] [89] [90] [91] [92] [93] [94] [95] [96]
[97] [98] [99] [100] [101] [102] [103] [104] [105] [106] [107] [108] [109]
[110] [111] [112] [113] [114] [115] [116] [117] [118] [119] [120] [121]
[122] [123] [124] [125] [126] [127] [128] [129] [130] [131] [132] [133]
[134] [135] [136] [137] [138] [139] [140] [141] [142] [143] [144] [145]
[146] [147] [148] [149] [150] [151] [152] [153] [154] [155] [156] [157]
[158] [159] [160] [161] [162] [163] [164] [165] [166] [167] [168] [169]
[170] [171] [172] [173] [174] [175] [176] [177] [178] [179] [180] [181]
[182] [183] [184] [185] [186] [187] [188] [189] [190] [191] [192] [193]
[194] [195] [196] [197] [198] [199] [200] [201] [202] [203] [204] [205]
[206] [207] [208] [209] [210] [211] [212] [213] [214] [215] [216] [217]
[218] [219] [220] [221] [222] [223] [224] [225] [226] [227] [228] [229]
[230] [231] [232] [233] [234] [235] [236] [237] [238] [239] [240] [241]
[242] [243] [244] [245] [246] [247] [248] [249] [250] [251] [252] [253]
[254] [255] [256] [257] [258] [259] [260] [261] [262] [263] [264] [265]
[266] [267] [268] [269] [270] [271] [272] [273] [274] [275] [276] [277]
[278] [279] [280] [281] [282] [283] [284] [285] [286] [287] [288] [289]
[290] [291] [292] [293] [294] [295] [296] [297] [298] [299] [300] [301]
[302] [303] [304] [305] [306] [307] [308] [309] [310] [311] [312] [313]
[314] [315] [316] [317] [318] [319] [320] [321] [322] [323] [324] [325]
[326] [327] [328] [329] [330] [331] [332] [333] [334] [335] [336] [337]
[338] [339] [340] [341] [342] [343] [344] [345] [346] [347] [348] [349]
[350] [351] [352] [353] [354] [355] [356] [357] [358] [359] [360] [361]
[362] [363] [364] [365] [366] [367] [368] [369] [370] [371] [372] [373]
(./novel.aux) ) 
Here is how much of TeX's memory you used:
 205 strings out of 494923
 2181 string characters out of 6180741
 2068664 words of memory out of 5000000
 3605 multiletter control sequences out of 15000+600000
 4245 words of font info for 16 fonts, out of 8000000 for 9000
 14 hyphenation exceptions out of 8191
 23i,4n,17p,451b,109s stack positions out of 5000i,500n,10000p,200000b,80000s
</usr/share/texlive/texmf-dist/fonts/type1/public/amsfonts/cm/cm
bx12.pfb></usr/share/texlive/texmf-dist/fonts/type1/public/amsfonts/cm/cmr10.pf
b>
Output written on novel.pdf (373 pages, 737843 bytes).
PDF statistics:
 1216 PDF objects out of 1440 (max. 8388607)
 830 compressed objects within 9 object streams
 0 named destinations out of 1000 (max. 500000)
 1 words of extra memory for PDF output out of 10000 (max. 10000000)

